<?xml version="1.0" encoding="UTF-8"?>
<!-- Generated by org.testng.reporters.JUnitXMLReporter -->
<testsuite ignored="0" hostname="veermadhu" failures="0" tests="9" name="Default test" time="0.163" errors="0" timestamp="2021-11-08T19:12:04 IST">
  <testcase classname="BatchTesting.paymentsretuns" name="paymentretus" time="0.016"/>
  <testcase classname="BatchTesting.LoginTest" name="loginbyFb" time="0.005"/>
  <testcase classname="BatchTesting.LoginTest" name="loginbyTwitter" time="0.007"/>
  <testcase classname="BatchTesting.LoginTest" name="loginbyemail" time="0.004"/>
  <testcase classname="BatchTesting.singupmwthod" name="sighupbyemail" time="0.003"/>
  <testcase classname="BatchTesting.singupmwthod" name="sighupfb" time="0.002"/>
  <testcase classname="BatchTesting.singupmwthod" name="sighuptwitter" time="0.002"/>
  <testcase classname="BatchTesting.paymenttest" name="paymentindolle" time="0.001"/>
  <testcase classname="BatchTesting.paymenttest" name="paymentinrupee" time="0.001"/>
</testsuite> <!-- Default test -->
