<?xml version="1.0" encoding="UTF-8"?>
<!-- Generated by org.testng.reporters.JUnitXMLReporter -->
<testsuite ignored="0" hostname="veermadhu" failures="0" tests="6" name="sanitytests" time="0.169" errors="0" timestamp="2021-11-08T19:55:21 IST">
  <testcase classname="BatchTesting.LoginTest" name="loginbyFb" time="0.032"/>
  <testcase classname="BatchTesting.LoginTest" name="loginbyTwitter" time="0.003"/>
  <testcase classname="BatchTesting.LoginTest" name="loginbyemail" time="0.007"/>
  <testcase classname="BatchTesting.singupmwthod" name="sighupbyemail" time="0.005"/>
  <testcase classname="BatchTesting.singupmwthod" name="sighupfb" time="0.003"/>
  <testcase classname="BatchTesting.singupmwthod" name="sighuptwitter" time="0.002"/>
</testsuite> <!-- sanitytests -->
