<?xml version="1.0" encoding="UTF-8"?>
<!-- Generated by org.testng.reporters.JUnitXMLReporter -->
<testsuite ignored="0" hostname="veermadhu" failures="0" tests="3" name="Funtiontest" time="0.014" errors="0" timestamp="2021-11-08T19:55:22 IST">
  <testcase classname="BatchTesting.paymentsretuns" name="paymentretus" time="0.002"/>
  <testcase classname="BatchTesting.paymenttest" name="paymentindolle" time="0.001"/>
  <testcase classname="BatchTesting.paymenttest" name="paymentinrupee" time="0.001"/>
</testsuite> <!-- Funtiontest -->
